[32m2024-07-01 18:12:06 -0400[0m - dagster - [34mDEBUG[0m - materialize_dbt_models - af7067e1-1300-49af-bad8-68c83fba22da - 99273 - LOGS_CAPTURED - Started capturing logs in process (pid: 99273).
[32m2024-07-01 18:12:06 -0400[0m - dagster - [34mDEBUG[0m - materialize_dbt_models - af7067e1-1300-49af-bad8-68c83fba22da - 99273 - citibike_dbt_dbt_assets - STEP_START - Started execution of step "citibike_dbt_dbt_assets".
[32m2024-07-01 18:12:07 -0400[0m - dagster - [34mINFO[0m - materialize_dbt_models - af7067e1-1300-49af-bad8-68c83fba22da - citibike_dbt_dbt_assets - A dbt subsetted execution is not being performed. Using the default dbt selection arguments `['--select', 'fqn:*']`.
[32m2024-07-01 18:12:07 -0400[0m - dagster - [34mINFO[0m - materialize_dbt_models - af7067e1-1300-49af-bad8-68c83fba22da - citibike_dbt_dbt_assets - Copying `/Users/aayushibeniwal/Documents/citibike_dbt/citibike_dbt/target/partial_parse.msgpack` to `/Users/aayushibeniwal/Documents/citibike_dbt/citibike_dbt/target/citibike_dbt_dbt_assets-af7067e-10f17ac/partial_parse.msgpack` to take advantage of partial parsing.
[32m2024-07-01 18:12:07 -0400[0m - dagster - [34mINFO[0m - materialize_dbt_models - af7067e1-1300-49af-bad8-68c83fba22da - citibike_dbt_dbt_assets - Running dbt command: `dbt build --select fqn:*`.
[32m2024-07-01 18:12:11 -0400[0m - dagster - [34mDEBUG[0m - materialize_dbt_models - af7067e1-1300-49af-bad8-68c83fba22da - 99273 - citibike_dbt_dbt_assets - STEP_OUTPUT - Yielded output "src_trips" of type "Nothing". (Type check passed).
[32m2024-07-01 18:12:11 -0400[0m - dagster - [34mDEBUG[0m - materialize_dbt_models - af7067e1-1300-49af-bad8-68c83fba22da - 99273 - citibike_dbt_dbt_assets - ASSET_MATERIALIZATION - Materialized value src_trips.
[32m2024-07-01 18:12:11 -0400[0m - dagster - [34mDEBUG[0m - materialize_dbt_models - af7067e1-1300-49af-bad8-68c83fba22da - 99273 - citibike_dbt_dbt_assets - STEP_OUTPUT - Yielded output "src_pricing_and_plan" of type "Nothing". (Type check passed).
[32m2024-07-01 18:12:11 -0400[0m - dagster - [34mDEBUG[0m - materialize_dbt_models - af7067e1-1300-49af-bad8-68c83fba22da - 99273 - citibike_dbt_dbt_assets - ASSET_MATERIALIZATION - Materialized value src_pricing_and_plan.
[32m2024-07-01 18:12:11 -0400[0m - dagster - [34mDEBUG[0m - materialize_dbt_models - af7067e1-1300-49af-bad8-68c83fba22da - 99273 - citibike_dbt_dbt_assets - STEP_OUTPUT - Yielded output "src_bike_station_status" of type "Nothing". (Type check passed).
[32m2024-07-01 18:12:11 -0400[0m - dagster - [34mDEBUG[0m - materialize_dbt_models - af7067e1-1300-49af-bad8-68c83fba22da - 99273 - citibike_dbt_dbt_assets - ASSET_MATERIALIZATION - Materialized value src_bike_station_status.
[32m2024-07-01 18:12:11 -0400[0m - dagster - [34mDEBUG[0m - materialize_dbt_models - af7067e1-1300-49af-bad8-68c83fba22da - 99273 - citibike_dbt_dbt_assets - STEP_OUTPUT - Yielded output "src_bike_station_information" of type "Nothing". (Type check passed).
[32m2024-07-01 18:12:11 -0400[0m - dagster - [34mDEBUG[0m - materialize_dbt_models - af7067e1-1300-49af-bad8-68c83fba22da - 99273 - citibike_dbt_dbt_assets - ASSET_MATERIALIZATION - Materialized value src_bike_station_information.
[32m2024-07-01 18:12:12 -0400[0m - dagster - [34mDEBUG[0m - materialize_dbt_models - af7067e1-1300-49af-bad8-68c83fba22da - 99273 - citibike_dbt_dbt_assets - ASSET_OBSERVATION - DagsterEventType.ASSET_OBSERVATION for step citibike_dbt_dbt_assets
[32m2024-07-01 18:12:12 -0400[0m - dagster - [34mDEBUG[0m - materialize_dbt_models - af7067e1-1300-49af-bad8-68c83fba22da - 99273 - citibike_dbt_dbt_assets - ASSET_OBSERVATION - DagsterEventType.ASSET_OBSERVATION for step citibike_dbt_dbt_assets
[32m2024-07-01 18:12:13 -0400[0m - dagster - [34mDEBUG[0m - materialize_dbt_models - af7067e1-1300-49af-bad8-68c83fba22da - 99273 - citibike_dbt_dbt_assets - ASSET_OBSERVATION - DagsterEventType.ASSET_OBSERVATION for step citibike_dbt_dbt_assets
[32m2024-07-01 18:12:13 -0400[0m - dagster - [34mDEBUG[0m - materialize_dbt_models - af7067e1-1300-49af-bad8-68c83fba22da - 99273 - citibike_dbt_dbt_assets - ASSET_OBSERVATION - DagsterEventType.ASSET_OBSERVATION for step citibike_dbt_dbt_assets
[32m2024-07-01 18:12:14 -0400[0m - dagster - [34mDEBUG[0m - materialize_dbt_models - af7067e1-1300-49af-bad8-68c83fba22da - 99273 - citibike_dbt_dbt_assets - ASSET_OBSERVATION - DagsterEventType.ASSET_OBSERVATION for step citibike_dbt_dbt_assets
[32m2024-07-01 18:12:14 -0400[0m - dagster - [34mDEBUG[0m - materialize_dbt_models - af7067e1-1300-49af-bad8-68c83fba22da - 99273 - citibike_dbt_dbt_assets - STEP_OUTPUT - Yielded output "scd_pricing_and_plan" of type "Nothing". (Type check passed).
[32m2024-07-01 18:12:14 -0400[0m - dagster - [34mDEBUG[0m - materialize_dbt_models - af7067e1-1300-49af-bad8-68c83fba22da - 99273 - citibike_dbt_dbt_assets - ASSET_MATERIALIZATION - Materialized value scd_pricing_and_plan.
[32m2024-07-01 18:12:42 -0400[0m - dagster - [34mDEBUG[0m - materialize_dbt_models - af7067e1-1300-49af-bad8-68c83fba22da - 99273 - citibike_dbt_dbt_assets - ASSET_OBSERVATION - DagsterEventType.ASSET_OBSERVATION for step citibike_dbt_dbt_assets
[32m2024-07-01 18:13:13 -0400[0m - dagster - [34mDEBUG[0m - materialize_dbt_models - af7067e1-1300-49af-bad8-68c83fba22da - 99273 - citibike_dbt_dbt_assets - STEP_OUTPUT - Yielded output "dim_station" of type "Nothing". (Type check passed).
[32m2024-07-01 18:13:13 -0400[0m - dagster - [34mDEBUG[0m - materialize_dbt_models - af7067e1-1300-49af-bad8-68c83fba22da - 99273 - citibike_dbt_dbt_assets - ASSET_MATERIALIZATION - Materialized value dim_station.
[32m2024-07-01 18:13:14 -0400[0m - dagster - [34mDEBUG[0m - materialize_dbt_models - af7067e1-1300-49af-bad8-68c83fba22da - 99273 - citibike_dbt_dbt_assets - ASSET_OBSERVATION - DagsterEventType.ASSET_OBSERVATION for step citibike_dbt_dbt_assets
[32m2024-07-01 18:13:14 -0400[0m - dagster - [34mDEBUG[0m - materialize_dbt_models - af7067e1-1300-49af-bad8-68c83fba22da - 99273 - citibike_dbt_dbt_assets - ASSET_OBSERVATION - DagsterEventType.ASSET_OBSERVATION for step citibike_dbt_dbt_assets
[32m2024-07-01 18:13:14 -0400[0m - dagster - [34mDEBUG[0m - materialize_dbt_models - af7067e1-1300-49af-bad8-68c83fba22da - 99273 - citibike_dbt_dbt_assets - ASSET_OBSERVATION - DagsterEventType.ASSET_OBSERVATION for step citibike_dbt_dbt_assets
[32m2024-07-01 18:13:14 -0400[0m - dagster - [34mDEBUG[0m - materialize_dbt_models - af7067e1-1300-49af-bad8-68c83fba22da - 99273 - citibike_dbt_dbt_assets - ASSET_OBSERVATION - DagsterEventType.ASSET_OBSERVATION for step citibike_dbt_dbt_assets
[32m2024-07-01 18:13:14 -0400[0m - dagster - [34mDEBUG[0m - materialize_dbt_models - af7067e1-1300-49af-bad8-68c83fba22da - 99273 - citibike_dbt_dbt_assets - ASSET_OBSERVATION - DagsterEventType.ASSET_OBSERVATION for step citibike_dbt_dbt_assets
[32m2024-07-01 18:13:53 -0400[0m - dagster - [34mDEBUG[0m - materialize_dbt_models - af7067e1-1300-49af-bad8-68c83fba22da - 99273 - citibike_dbt_dbt_assets - STEP_OUTPUT - Yielded output "fct_trips" of type "Nothing". (Type check passed).
[32m2024-07-01 18:13:53 -0400[0m - dagster - [34mDEBUG[0m - materialize_dbt_models - af7067e1-1300-49af-bad8-68c83fba22da - 99273 - citibike_dbt_dbt_assets - ASSET_MATERIALIZATION - Materialized value fct_trips.
[32m2024-07-01 18:13:53 -0400[0m - dagster - [34mDEBUG[0m - materialize_dbt_models - af7067e1-1300-49af-bad8-68c83fba22da - 99273 - citibike_dbt_dbt_assets - ASSET_OBSERVATION - DagsterEventType.ASSET_OBSERVATION for step citibike_dbt_dbt_assets
[32m2024-07-01 18:13:53 -0400[0m - dagster - [34mDEBUG[0m - materialize_dbt_models - af7067e1-1300-49af-bad8-68c83fba22da - 99273 - citibike_dbt_dbt_assets - ASSET_OBSERVATION - DagsterEventType.ASSET_OBSERVATION for step citibike_dbt_dbt_assets
[32m2024-07-01 18:13:54 -0400[0m - dagster - [34mDEBUG[0m - materialize_dbt_models - af7067e1-1300-49af-bad8-68c83fba22da - 99273 - citibike_dbt_dbt_assets - ASSET_OBSERVATION - DagsterEventType.ASSET_OBSERVATION for step citibike_dbt_dbt_assets
[32m2024-07-01 18:13:54 -0400[0m - dagster - [34mDEBUG[0m - materialize_dbt_models - af7067e1-1300-49af-bad8-68c83fba22da - 99273 - citibike_dbt_dbt_assets - ASSET_OBSERVATION - DagsterEventType.ASSET_OBSERVATION for step citibike_dbt_dbt_assets
[32m2024-07-01 18:13:55 -0400[0m - dagster - [34mDEBUG[0m - materialize_dbt_models - af7067e1-1300-49af-bad8-68c83fba22da - 99273 - citibike_dbt_dbt_assets - ASSET_OBSERVATION - DagsterEventType.ASSET_OBSERVATION for step citibike_dbt_dbt_assets
[32m2024-07-01 18:13:55 -0400[0m - dagster - [34mDEBUG[0m - materialize_dbt_models - af7067e1-1300-49af-bad8-68c83fba22da - 99273 - citibike_dbt_dbt_assets - ASSET_OBSERVATION - DagsterEventType.ASSET_OBSERVATION for step citibike_dbt_dbt_assets
[32m2024-07-01 18:13:55 -0400[0m - dagster - [34mDEBUG[0m - materialize_dbt_models - af7067e1-1300-49af-bad8-68c83fba22da - 99273 - citibike_dbt_dbt_assets - ASSET_OBSERVATION - DagsterEventType.ASSET_OBSERVATION for step citibike_dbt_dbt_assets
[32m2024-07-01 18:13:55 -0400[0m - dagster - [34mDEBUG[0m - materialize_dbt_models - af7067e1-1300-49af-bad8-68c83fba22da - 99273 - citibike_dbt_dbt_assets - ASSET_OBSERVATION - DagsterEventType.ASSET_OBSERVATION for step citibike_dbt_dbt_assets
[32m2024-07-01 18:13:56 -0400[0m - dagster - [34mDEBUG[0m - materialize_dbt_models - af7067e1-1300-49af-bad8-68c83fba22da - 99273 - citibike_dbt_dbt_assets - ASSET_OBSERVATION - DagsterEventType.ASSET_OBSERVATION for step citibike_dbt_dbt_assets
[32m2024-07-01 18:13:56 -0400[0m - dagster - [34mDEBUG[0m - materialize_dbt_models - af7067e1-1300-49af-bad8-68c83fba22da - 99273 - citibike_dbt_dbt_assets - ASSET_OBSERVATION - DagsterEventType.ASSET_OBSERVATION for step citibike_dbt_dbt_assets
[32m2024-07-01 18:13:56 -0400[0m - dagster - [34mDEBUG[0m - materialize_dbt_models - af7067e1-1300-49af-bad8-68c83fba22da - 99273 - citibike_dbt_dbt_assets - ASSET_OBSERVATION - DagsterEventType.ASSET_OBSERVATION for step citibike_dbt_dbt_assets
[32m2024-07-01 18:13:56 -0400[0m - dagster - [34mDEBUG[0m - materialize_dbt_models - af7067e1-1300-49af-bad8-68c83fba22da - 99273 - citibike_dbt_dbt_assets - ASSET_OBSERVATION - DagsterEventType.ASSET_OBSERVATION for step citibike_dbt_dbt_assets
[32m2024-07-01 18:13:56 -0400[0m - dagster - [34mDEBUG[0m - materialize_dbt_models - af7067e1-1300-49af-bad8-68c83fba22da - 99273 - citibike_dbt_dbt_assets - STEP_SUCCESS - Finished execution of step "citibike_dbt_dbt_assets" in 1m49s.
