Running with dbt=1.7.16
Registered adapter: snowflake=1.7.1
Found 6 models, 4 analyses, 1 snapshot, 21 tests, 4 sources, 0 exposures, 0 metrics, 836 macros, 0 groups, 0 semantic models

Concurrency: 4 threads (target='dev')

1 of 28 START sql view model DEV.src_bike_station_information .................. [RUN]
2 of 28 START sql view model DEV.src_bike_station_status ....................... [RUN]
3 of 28 START sql view model DEV.src_pricing_and_plan .......................... [RUN]
4 of 28 START sql view model DEV.src_trips ..................................... [RUN]
4 of 28 OK created sql view model DEV.src_trips ................................ [[32mSUCCESS 1[0m in 1.45s]
3 of 28 OK created sql view model DEV.src_pricing_and_plan ..................... [[32mSUCCESS 1[0m in 1.46s]
2 of 28 OK created sql view model DEV.src_bike_station_status .................. [[32mSUCCESS 1[0m in 1.47s]
5 of 28 START snapshot DEV.scd_pricing_and_plan ................................ [RUN]
6 of 28 START test accepted_values_src_trips_gender__0__1__2 ................... [RUN]
7 of 28 START test accepted_values_src_trips_membership_type__null__Customer__Subscriber  [RUN]
1 of 28 OK created sql view model DEV.src_bike_station_information ............. [[32mSUCCESS 1[0m in 1.56s]
8 of 28 START test accepted_values_src_trips_user_type__0__1__2 ................ [RUN]
6 of 28 PASS accepted_values_src_trips_gender__0__1__2 ......................... [[32mPASS[0m in 0.97s]
9 of 28 START test not_null_src_trips_trip_duration ............................ [RUN]
9 of 28 PASS not_null_src_trips_trip_duration .................................. [[32mPASS[0m in 0.59s]
10 of 28 START test not_null_src_trips_trip_key ................................ [RUN]
8 of 28 PASS accepted_values_src_trips_user_type__0__1__2 ...................... [[32mPASS[0m in 2.17s]
7 of 28 PASS accepted_values_src_trips_membership_type__null__Customer__Subscriber  [[32mPASS[0m in 2.27s]
11 of 28 START test positive_value_src_trips_trip_duration ..................... [RUN]
11 of 28 PASS positive_value_src_trips_trip_duration ........................... [[32mPASS[0m in 0.66s]
5 of 28 OK snapshotted DEV.scd_pricing_and_plan ................................ [[32mSUCCESS 0[0m in 3.31s]
10 of 28 PASS not_null_src_trips_trip_key ...................................... [[32mPASS[0m in 29.31s]
12 of 28 START sql table model DEV.dim_station ................................. [RUN]
13 of 28 START sql table model DEV.fct_trips ................................... [RUN]
12 of 28 OK created sql table model DEV.dim_station ............................ [[32mSUCCESS 1[0m in 30.95s]
14 of 28 START test no_nulls_in_dim_station .................................... [RUN]
15 of 28 START test not_null_dim_station_latitude .............................. [RUN]
16 of 28 START test not_null_dim_station_longitude ............................. [RUN]
15 of 28 PASS not_null_dim_station_latitude .................................... [[32mPASS[0m in 0.88s]
16 of 28 PASS not_null_dim_station_longitude ................................... [[32mPASS[0m in 0.88s]
17 of 28 START test not_null_dim_station_name .................................. [RUN]
18 of 28 START test not_null_dim_station_station_id ............................ [RUN]
14 of 28 PASS no_nulls_in_dim_station .......................................... [[32mPASS[0m in 1.12s]
17 of 28 PASS not_null_dim_station_name ........................................ [[32mPASS[0m in 0.62s]
18 of 28 PASS not_null_dim_station_station_id .................................. [[32mPASS[0m in 0.67s]
13 of 28 OK created sql table model DEV.fct_trips .............................. [[32mSUCCESS 1[0m in 70.75s]
19 of 28 START test accepted_values_fct_trips_gender__0__1__2 .................. [RUN]
20 of 28 START test accepted_values_fct_trips_membership_type__null__Customer__Subscriber  [RUN]
21 of 28 START test accepted_values_fct_trips_user_type__0__1__2 ............... [RUN]
22 of 28 START test not_null_fct_trips_trip_amount ............................. [RUN]
19 of 28 PASS accepted_values_fct_trips_gender__0__1__2 ........................ [[32mPASS[0m in 0.86s]
23 of 28 START test not_null_fct_trips_trip_duration ........................... [RUN]
22 of 28 PASS not_null_fct_trips_trip_amount ................................... [[32mPASS[0m in 0.92s]
24 of 28 START test not_null_fct_trips_trip_key ................................ [RUN]
24 of 28 PASS not_null_fct_trips_trip_key ...................................... [[32mPASS[0m in 0.58s]
25 of 28 START test positive_value_fct_trips_trip_amount ....................... [RUN]
23 of 28 PASS not_null_fct_trips_trip_duration ................................. [[32mPASS[0m in 0.83s]
26 of 28 START test positive_value_fct_trips_trip_duration ..................... [RUN]
21 of 28 PASS accepted_values_fct_trips_user_type__0__1__2 ..................... [[32mPASS[0m in 2.09s]
25 of 28 PASS positive_value_fct_trips_trip_amount ............................. [[32mPASS[0m in 0.58s]
27 of 28 START test relationships_fct_trips_end_station_id__station_id__ref_dim_station_  [RUN]
28 of 28 START test relationships_fct_trips_start_station_id__station_id__ref_dim_station_  [RUN]
26 of 28 PASS positive_value_fct_trips_trip_duration ........................... [[32mPASS[0m in 0.49s]
20 of 28 PASS accepted_values_fct_trips_membership_type__null__Customer__Subscriber  [[32mPASS[0m in 2.22s]
27 of 28 PASS relationships_fct_trips_end_station_id__station_id__ref_dim_station_  [[32mPASS[0m in 0.93s]
28 of 28 PASS relationships_fct_trips_start_station_id__station_id__ref_dim_station_  [[32mPASS[0m in 1.09s]

Finished running 4 view models, 21 tests, 1 snapshot, 2 table models in 0 hours 1 minutes and 47.74 seconds (107.74s).

[32mCompleted successfully[0m

Done. PASS=28 WARN=0 ERROR=0 SKIP=0 TOTAL=28
