[0m18:18:08.859958 [debug] [MainThread]: Sending event: {'category': 'dbt', 'action': 'invocation', 'label': 'start', 'context': [<snowplow_tracker.self_describing_json.SelfDescribingJson object at 0x10496bad0>, <snowplow_tracker.self_describing_json.SelfDescribingJson object at 0x1049e1510>, <snowplow_tracker.self_describing_json.SelfDescribingJson object at 0x1049e1c50>]}


============================== 18:18:08.862747 | 40c50ab9-8d48-455f-a3dd-6761f24e3dc6 ==============================
[0m18:18:08.862747 [info ] [MainThread]: Running with dbt=1.7.16
[0m18:18:08.863076 [debug] [MainThread]: running dbt with arguments {'printer_width': '80', 'indirect_selection': 'eager', 'write_json': 'True', 'log_cache_events': 'False', 'partial_parse': 'True', 'cache_selected_only': 'False', 'profiles_dir': '/Users/aayushibeniwal/.dbt', 'version_check': 'True', 'fail_fast': 'False', 'log_path': 'logs', 'debug': 'False', 'warn_error': 'None', 'use_colors': 'True', 'use_experimental_parser': 'False', 'no_print': 'None', 'quiet': 'False', 'log_format': 'default', 'static_parser': 'True', 'warn_error_options': 'WarnErrorOptions(include=[], exclude=[])', 'introspect': 'True', 'target_path': 'None', 'invocation_command': 'dbt init citibike', 'send_anonymous_usage_stats': 'True'}
[0m18:18:08.863873 [debug] [MainThread]: Starter project path: /Users/aayushibeniwal/Documents/citibike_dbt/venv/lib/python3.11/site-packages/dbt/include/starter_project
[0m18:18:08.867244 [info ] [MainThread]: 
Your new dbt project "citibike" was created!

For more information on how to configure the profiles.yml file,
please consult the dbt documentation here:

  https://docs.getdbt.com/docs/configure-your-profile

One more thing:

Need help? Don't hesitate to reach out to us via GitHub issues or on Slack:

  https://community.getdbt.com/

Happy modeling!

[0m18:18:08.867442 [info ] [MainThread]: Setting up your profile.
[0m18:19:13.144450 [info ] [MainThread]: Profile citibike written to /Users/aayushibeniwal/.dbt/profiles.yml using target's profile_template.yml and your supplied values. Run 'dbt debug' to validate the connection.
[0m18:19:13.150039 [debug] [MainThread]: Resource report: {"command_name": "init", "command_success": true, "command_wall_clock_time": 64.33325, "process_user_time": 0.927977, "process_kernel_time": 0.150476, "process_mem_max_rss": "117096448", "process_in_blocks": "0", "process_out_blocks": "0"}
[0m18:19:13.151745 [debug] [MainThread]: Command `dbt init` succeeded at 18:19:13.151429 after 64.34 seconds
[0m18:19:13.152623 [debug] [MainThread]: Sending event: {'category': 'dbt', 'action': 'invocation', 'label': 'end', 'context': [<snowplow_tracker.self_describing_json.SelfDescribingJson object at 0x1006af310>, <snowplow_tracker.self_describing_json.SelfDescribingJson object at 0x1049c4e10>, <snowplow_tracker.self_describing_json.SelfDescribingJson object at 0x100752950>]}
[0m18:19:13.153400 [debug] [MainThread]: Flushing usage events
[0m18:19:18.633731 [debug] [MainThread]: Sending event: {'category': 'dbt', 'action': 'invocation', 'label': 'start', 'context': [<snowplow_tracker.self_describing_json.SelfDescribingJson object at 0x106695e90>, <snowplow_tracker.self_describing_json.SelfDescribingJson object at 0x1066c9090>, <snowplow_tracker.self_describing_json.SelfDescribingJson object at 0x1066c97d0>]}


============================== 18:19:18.636309 | 48e54f8f-4540-4284-8368-c04ee042c401 ==============================
[0m18:19:18.636309 [info ] [MainThread]: Running with dbt=1.7.16
[0m18:19:18.636629 [debug] [MainThread]: running dbt with arguments {'printer_width': '80', 'indirect_selection': 'eager', 'write_json': 'True', 'log_cache_events': 'False', 'partial_parse': 'True', 'cache_selected_only': 'False', 'warn_error': 'None', 'version_check': 'True', 'fail_fast': 'False', 'log_path': 'logs', 'debug': 'False', 'profiles_dir': '/Users/aayushibeniwal/.dbt', 'use_colors': 'True', 'use_experimental_parser': 'False', 'no_print': 'None', 'quiet': 'False', 'warn_error_options': 'WarnErrorOptions(include=[], exclude=[])', 'invocation_command': 'dbt debug', 'log_format': 'default', 'introspect': 'True', 'target_path': 'None', 'static_parser': 'True', 'send_anonymous_usage_stats': 'True'}
[0m18:19:18.637077 [info ] [MainThread]: dbt version: 1.7.16
[0m18:19:18.637264 [info ] [MainThread]: python version: 3.11.6
[0m18:19:18.637435 [info ] [MainThread]: python path: /Users/aayushibeniwal/Documents/citibike_dbt/venv/bin/python
[0m18:19:18.637592 [info ] [MainThread]: os info: macOS-14.5-arm64-arm-64bit
[0m18:19:18.765166 [info ] [MainThread]: Using profiles dir at /Users/aayushibeniwal/.dbt
[0m18:19:18.765435 [info ] [MainThread]: Using profiles.yml file at /Users/aayushibeniwal/.dbt/profiles.yml
[0m18:19:18.765598 [info ] [MainThread]: Using dbt_project.yml file at /Users/aayushibeniwal/Documents/citibike_dbt/dbt_project.yml
[0m18:19:18.765799 [error] [MainThread]: Encountered an error:
Internal Error
  Profile should not be None if loading profile completed
[0m18:19:18.766797 [debug] [MainThread]: Resource report: {"command_name": "debug", "command_wall_clock_time": 0.16138996, "process_user_time": 0.917734, "process_kernel_time": 0.126742, "process_mem_max_rss": "116457472", "command_success": false, "process_in_blocks": "0", "process_out_blocks": "0"}
[0m18:19:18.767106 [debug] [MainThread]: Command `dbt debug` failed at 18:19:18.767042 after 0.16 seconds
[0m18:19:18.767289 [debug] [MainThread]: Sending event: {'category': 'dbt', 'action': 'invocation', 'label': 'end', 'context': [<snowplow_tracker.self_describing_json.SelfDescribingJson object at 0x1023972d0>, <snowplow_tracker.self_describing_json.SelfDescribingJson object at 0x1066aded0>, <snowplow_tracker.self_describing_json.SelfDescribingJson object at 0x1033ccf50>]}
[0m18:19:18.767472 [debug] [MainThread]: Flushing usage events
[0m18:19:40.045790 [debug] [MainThread]: Sending event: {'category': 'dbt', 'action': 'invocation', 'label': 'start', 'context': [<snowplow_tracker.self_describing_json.SelfDescribingJson object at 0x1069533d0>, <snowplow_tracker.self_describing_json.SelfDescribingJson object at 0x106958f50>, <snowplow_tracker.self_describing_json.SelfDescribingJson object at 0x106975f50>]}


============================== 18:19:40.048351 | 3f0f41d6-40fb-47c0-ae6c-71801026fe2e ==============================
[0m18:19:40.048351 [info ] [MainThread]: Running with dbt=1.7.16
[0m18:19:40.048689 [debug] [MainThread]: running dbt with arguments {'printer_width': '80', 'indirect_selection': 'eager', 'write_json': 'True', 'log_cache_events': 'False', 'partial_parse': 'True', 'cache_selected_only': 'False', 'warn_error': 'None', 'version_check': 'True', 'profiles_dir': '/Users/aayushibeniwal/.dbt', 'log_path': 'logs', 'fail_fast': 'False', 'debug': 'False', 'use_colors': 'True', 'use_experimental_parser': 'False', 'no_print': 'None', 'quiet': 'False', 'log_format': 'default', 'invocation_command': 'dbt init citibike', 'static_parser': 'True', 'introspect': 'True', 'target_path': 'None', 'warn_error_options': 'WarnErrorOptions(include=[], exclude=[])', 'send_anonymous_usage_stats': 'True'}
[0m18:19:40.049407 [info ] [MainThread]: A project called citibike already exists here.
[0m18:19:40.050839 [debug] [MainThread]: Resource report: {"command_name": "init", "command_success": true, "command_wall_clock_time": 0.031262085, "process_user_time": 0.866955, "process_kernel_time": 0.132643, "process_mem_max_rss": "105103360", "process_in_blocks": "0", "process_out_blocks": "0"}
[0m18:19:40.051201 [debug] [MainThread]: Command `dbt init` succeeded at 18:19:40.051126 after 0.03 seconds
[0m18:19:40.051418 [debug] [MainThread]: Sending event: {'category': 'dbt', 'action': 'invocation', 'label': 'end', 'context': [<snowplow_tracker.self_describing_json.SelfDescribingJson object at 0x1026437d0>, <snowplow_tracker.self_describing_json.SelfDescribingJson object at 0x102643390>, <snowplow_tracker.self_describing_json.SelfDescribingJson object at 0x102786f90>]}
[0m18:19:40.051616 [debug] [MainThread]: Flushing usage events
[0m14:09:42.962549 [debug] [MainThread]: Sending event: {'category': 'dbt', 'action': 'invocation', 'label': 'start', 'context': [<snowplow_tracker.self_describing_json.SelfDescribingJson object at 0x1093febd0>, <snowplow_tracker.self_describing_json.SelfDescribingJson object at 0x109465690>, <snowplow_tracker.self_describing_json.SelfDescribingJson object at 0x109465dd0>]}


============================== 14:09:42.965456 | deb3acad-9545-4731-ac57-a4b22cb73dcf ==============================
[0m14:09:42.965456 [info ] [MainThread]: Running with dbt=1.7.16
[0m14:09:42.965841 [debug] [MainThread]: running dbt with arguments {'printer_width': '80', 'indirect_selection': 'eager', 'write_json': 'True', 'log_cache_events': 'False', 'partial_parse': 'True', 'cache_selected_only': 'False', 'profiles_dir': '/Users/aayushibeniwal/.dbt', 'debug': 'False', 'warn_error': 'None', 'log_path': 'logs', 'fail_fast': 'False', 'version_check': 'True', 'use_colors': 'True', 'use_experimental_parser': 'False', 'no_print': 'None', 'quiet': 'False', 'log_format': 'default', 'introspect': 'True', 'static_parser': 'True', 'invocation_command': 'dbt init', 'target_path': 'None', 'warn_error_options': 'WarnErrorOptions(include=[], exclude=[])', 'send_anonymous_usage_stats': 'True'}
[0m14:09:51.176284 [debug] [MainThread]: Starter project path: /Users/aayushibeniwal/Documents/citibike_dbt/venv/lib/python3.11/site-packages/dbt/include/starter_project
[0m14:09:51.184167 [info ] [MainThread]: 
Your new dbt project "citibike_dbt" was created!

For more information on how to configure the profiles.yml file,
please consult the dbt documentation here:

  https://docs.getdbt.com/docs/configure-your-profile

One more thing:

Need help? Don't hesitate to reach out to us via GitHub issues or on Slack:

  https://community.getdbt.com/

Happy modeling!

[0m14:09:51.184576 [info ] [MainThread]: Setting up your profile.
[0m14:14:56.133872 [info ] [MainThread]: Profile citibike_dbt written to /Users/aayushibeniwal/.dbt/profiles.yml using target's profile_template.yml and your supplied values. Run 'dbt debug' to validate the connection.
[0m14:14:56.136360 [debug] [MainThread]: Resource report: {"command_name": "init", "command_success": true, "command_wall_clock_time": 313.22095, "process_user_time": 0.924335, "process_kernel_time": 0.145871, "process_mem_max_rss": "117211136", "process_in_blocks": "0", "process_out_blocks": "0"}
[0m14:14:56.137061 [debug] [MainThread]: Command `dbt init` succeeded at 14:14:56.136902 after 313.22 seconds
[0m14:14:56.137458 [debug] [MainThread]: Sending event: {'category': 'dbt', 'action': 'invocation', 'label': 'end', 'context': [<snowplow_tracker.self_describing_json.SelfDescribingJson object at 0x1051332d0>, <snowplow_tracker.self_describing_json.SelfDescribingJson object at 0x109467a50>, <snowplow_tracker.self_describing_json.SelfDescribingJson object at 0x1051d67d0>]}
[0m14:14:56.137829 [debug] [MainThread]: Flushing usage events
