Running with dbt=1.7.16
Registered adapter: snowflake=1.7.1
Found 6 models, 4 analyses, 1 snapshot, 19 tests, 4 sources, 0 exposures, 0 metrics, 836 macros, 0 groups, 0 semantic models

Concurrency: 4 threads (target='dev')

1 of 26 START sql view model DEV.src_bike_station_information .................. [RUN]
2 of 26 START sql view model DEV.src_bike_station_status ....................... [RUN]
3 of 26 START sql view model DEV.src_pricing_and_plan .......................... [RUN]
4 of 26 START sql view model DEV.src_trips ..................................... [RUN]
2 of 26 OK created sql view model DEV.src_bike_station_status .................. [[32mSUCCESS 1[0m in 1.15s]
3 of 26 OK created sql view model DEV.src_pricing_and_plan ..................... [[32mSUCCESS 1[0m in 1.15s]
1 of 26 OK created sql view model DEV.src_bike_station_information ............. [[32mSUCCESS 1[0m in 1.15s]
5 of 26 START snapshot DEV.scd_pricing_and_plan ................................ [RUN]
4 of 26 OK created sql view model DEV.src_trips ................................ [[32mSUCCESS 1[0m in 1.48s]
6 of 26 START test accepted_values_src_trips_gender__0__1__2 ................... [RUN]
7 of 26 START test accepted_values_src_trips_user_type__Customer__Subscriber ... [RUN]
8 of 26 START test not_null_src_trips_trip_duration ............................ [RUN]
8 of 26 PASS not_null_src_trips_trip_duration .................................. [[32mPASS[0m in 1.10s]
6 of 26 PASS accepted_values_src_trips_gender__0__1__2 ......................... [[32mPASS[0m in 1.11s]
9 of 26 START test not_null_src_trips_trip_key ................................. [RUN]
10 of 26 START test positive_value_src_trips_trip_duration ..................... [RUN]
7 of 26 ERROR accepted_values_src_trips_user_type__Customer__Subscriber ........ [[31mERROR[0m in 1.21s]
10 of 26 PASS positive_value_src_trips_trip_duration ........................... [[32mPASS[0m in 0.53s]
5 of 26 OK snapshotted DEV.scd_pricing_and_plan ................................ [[32mSUCCESS 0[0m in 3.25s]
9 of 26 PASS not_null_src_trips_trip_key ....................................... [[32mPASS[0m in 29.34s]
11 of 26 SKIP relation DEV.dim_station ......................................... [[33mSKIP[0m]
12 of 26 SKIP relation DEV.fct_trips ........................................... [[33mSKIP[0m]
13 of 26 SKIP test no_nulls_in_dim_station ..................................... [[33mSKIP[0m]
14 of 26 SKIP test not_null_dim_station_latitude ............................... [[33mSKIP[0m]
15 of 26 SKIP test not_null_dim_station_longitude .............................. [[33mSKIP[0m]
16 of 26 SKIP test not_null_dim_station_name ................................... [[33mSKIP[0m]
17 of 26 SKIP test not_null_dim_station_station_id ............................. [[33mSKIP[0m]
18 of 26 SKIP test accepted_values_fct_trips_gender__0__1__2 ................... [[33mSKIP[0m]
19 of 26 SKIP test accepted_values_fct_trips_user_type__Customer__Subscriber ... [[33mSKIP[0m]
20 of 26 SKIP test not_null_fct_trips_trip_amount .............................. [[33mSKIP[0m]
21 of 26 SKIP test not_null_fct_trips_trip_duration ............................ [[33mSKIP[0m]
22 of 26 SKIP test not_null_fct_trips_trip_key ................................. [[33mSKIP[0m]
23 of 26 SKIP test positive_value_fct_trips_trip_amount ........................ [[33mSKIP[0m]
24 of 26 SKIP test positive_value_fct_trips_trip_duration ...................... [[33mSKIP[0m]
25 of 26 SKIP test relationships_fct_trips_end_station_id__station_id__ref_dim_station_  [[33mSKIP[0m]
26 of 26 SKIP test relationships_fct_trips_start_station_id__station_id__ref_dim_station_  [[33mSKIP[0m]

Finished running 4 view models, 19 tests, 1 snapshot, 2 table models in 0 hours 0 minutes and 33.45 seconds (33.45s).

[31mCompleted with 1 error and 0 warnings:[0m

  Database Error in test accepted_values_src_trips_user_type__Customer__Subscriber (models/staging/src_trips.yml)
  100038 (22018): Numeric value 'Customer' is not recognized
  compiled Code at target/citibike_dbt_dbt_assets-a42542b-236b3d6/run/citibike_dbt/models/staging/src_trips.yml/accepted_values_src_trips_user_type__Customer__Subscriber.sql

Done. PASS=9 WARN=0 ERROR=1 SKIP=16 TOTAL=26
