[32m2024-07-01 15:30:15 -0400[0m - dagster - [34mDEBUG[0m - materialize_dbt_models - a42542be-b12c-40a7-9162-640ee1dbf8f1 - 96717 - LOGS_CAPTURED - Started capturing logs in process (pid: 96717).
[32m2024-07-01 15:30:15 -0400[0m - dagster - [34mDEBUG[0m - materialize_dbt_models - a42542be-b12c-40a7-9162-640ee1dbf8f1 - 96717 - citibike_dbt_dbt_assets - STEP_START - Started execution of step "citibike_dbt_dbt_assets".
[32m2024-07-01 15:30:15 -0400[0m - dagster - [34mINFO[0m - materialize_dbt_models - a42542be-b12c-40a7-9162-640ee1dbf8f1 - citibike_dbt_dbt_assets - A dbt subsetted execution is not being performed. Using the default dbt selection arguments `['--select', 'fqn:*']`.
[32m2024-07-01 15:30:15 -0400[0m - dagster - [34mINFO[0m - materialize_dbt_models - a42542be-b12c-40a7-9162-640ee1dbf8f1 - citibike_dbt_dbt_assets - Copying `/Users/aayushibeniwal/Documents/citibike_dbt/citibike_dbt/target/partial_parse.msgpack` to `/Users/aayushibeniwal/Documents/citibike_dbt/citibike_dbt/target/citibike_dbt_dbt_assets-a42542b-236b3d6/partial_parse.msgpack` to take advantage of partial parsing.
[32m2024-07-01 15:30:15 -0400[0m - dagster - [34mINFO[0m - materialize_dbt_models - a42542be-b12c-40a7-9162-640ee1dbf8f1 - citibike_dbt_dbt_assets - Running dbt command: `dbt build --select fqn:*`.
[32m2024-07-01 15:30:19 -0400[0m - dagster - [34mDEBUG[0m - materialize_dbt_models - a42542be-b12c-40a7-9162-640ee1dbf8f1 - 96717 - citibike_dbt_dbt_assets - STEP_OUTPUT - Yielded output "src_bike_station_status" of type "Nothing". (Type check passed).
[32m2024-07-01 15:30:19 -0400[0m - dagster - [34mDEBUG[0m - materialize_dbt_models - a42542be-b12c-40a7-9162-640ee1dbf8f1 - 96717 - citibike_dbt_dbt_assets - ASSET_MATERIALIZATION - Materialized value src_bike_station_status.
[32m2024-07-01 15:30:19 -0400[0m - dagster - [34mDEBUG[0m - materialize_dbt_models - a42542be-b12c-40a7-9162-640ee1dbf8f1 - 96717 - citibike_dbt_dbt_assets - STEP_OUTPUT - Yielded output "src_pricing_and_plan" of type "Nothing". (Type check passed).
[32m2024-07-01 15:30:19 -0400[0m - dagster - [34mDEBUG[0m - materialize_dbt_models - a42542be-b12c-40a7-9162-640ee1dbf8f1 - 96717 - citibike_dbt_dbt_assets - ASSET_MATERIALIZATION - Materialized value src_pricing_and_plan.
[32m2024-07-01 15:30:19 -0400[0m - dagster - [34mDEBUG[0m - materialize_dbt_models - a42542be-b12c-40a7-9162-640ee1dbf8f1 - 96717 - citibike_dbt_dbt_assets - STEP_OUTPUT - Yielded output "src_bike_station_information" of type "Nothing". (Type check passed).
[32m2024-07-01 15:30:19 -0400[0m - dagster - [34mDEBUG[0m - materialize_dbt_models - a42542be-b12c-40a7-9162-640ee1dbf8f1 - 96717 - citibike_dbt_dbt_assets - ASSET_MATERIALIZATION - Materialized value src_bike_station_information.
[32m2024-07-01 15:30:20 -0400[0m - dagster - [34mDEBUG[0m - materialize_dbt_models - a42542be-b12c-40a7-9162-640ee1dbf8f1 - 96717 - citibike_dbt_dbt_assets - STEP_OUTPUT - Yielded output "src_trips" of type "Nothing". (Type check passed).
[32m2024-07-01 15:30:20 -0400[0m - dagster - [34mDEBUG[0m - materialize_dbt_models - a42542be-b12c-40a7-9162-640ee1dbf8f1 - 96717 - citibike_dbt_dbt_assets - ASSET_MATERIALIZATION - Materialized value src_trips.
[32m2024-07-01 15:30:21 -0400[0m - dagster - [34mDEBUG[0m - materialize_dbt_models - a42542be-b12c-40a7-9162-640ee1dbf8f1 - 96717 - citibike_dbt_dbt_assets - ASSET_OBSERVATION - DagsterEventType.ASSET_OBSERVATION for step citibike_dbt_dbt_assets
[32m2024-07-01 15:30:21 -0400[0m - dagster - [34mDEBUG[0m - materialize_dbt_models - a42542be-b12c-40a7-9162-640ee1dbf8f1 - 96717 - citibike_dbt_dbt_assets - ASSET_OBSERVATION - DagsterEventType.ASSET_OBSERVATION for step citibike_dbt_dbt_assets
[32m2024-07-01 15:30:21 -0400[0m - dagster - [34mDEBUG[0m - materialize_dbt_models - a42542be-b12c-40a7-9162-640ee1dbf8f1 - 96717 - citibike_dbt_dbt_assets - ASSET_OBSERVATION - DagsterEventType.ASSET_OBSERVATION for step citibike_dbt_dbt_assets
[32m2024-07-01 15:30:21 -0400[0m - dagster - [34mDEBUG[0m - materialize_dbt_models - a42542be-b12c-40a7-9162-640ee1dbf8f1 - 96717 - citibike_dbt_dbt_assets - ASSET_OBSERVATION - DagsterEventType.ASSET_OBSERVATION for step citibike_dbt_dbt_assets
[32m2024-07-01 15:30:23 -0400[0m - dagster - [34mDEBUG[0m - materialize_dbt_models - a42542be-b12c-40a7-9162-640ee1dbf8f1 - 96717 - citibike_dbt_dbt_assets - STEP_OUTPUT - Yielded output "scd_pricing_and_plan" of type "Nothing". (Type check passed).
[32m2024-07-01 15:30:23 -0400[0m - dagster - [34mDEBUG[0m - materialize_dbt_models - a42542be-b12c-40a7-9162-640ee1dbf8f1 - 96717 - citibike_dbt_dbt_assets - ASSET_MATERIALIZATION - Materialized value scd_pricing_and_plan.
[32m2024-07-01 15:30:50 -0400[0m - dagster - [34mDEBUG[0m - materialize_dbt_models - a42542be-b12c-40a7-9162-640ee1dbf8f1 - 96717 - citibike_dbt_dbt_assets - ASSET_OBSERVATION - DagsterEventType.ASSET_OBSERVATION for step citibike_dbt_dbt_assets
[32m2024-07-01 15:30:50 -0400[0m - dagster - [34mERROR[0m - [31mmaterialize_dbt_models - a42542be-b12c-40a7-9162-640ee1dbf8f1 - 96717 - citibike_dbt_dbt_assets - STEP_FAILURE - Execution of step "citibike_dbt_dbt_assets" failed.

dagster_dbt.errors.DagsterDbtCliRuntimeError: The dbt CLI process failed with exit code 1. Check the stdout in the Dagster compute logs for the full information about the error, or view the dbt debug log: /Users/aayushibeniwal/Documents/citibike_dbt/citibike_dbt/target/citibike_dbt_dbt_assets-a42542b-236b3d6/dbt.log.

Errors parsed from dbt logs:
7 of 26 ERROR accepted_values_src_trips_user_type__Customer__Subscriber ........ [[31mERROR[0m in 1.21s]
  Database Error in test accepted_values_src_trips_user_type__Customer__Subscriber (models/staging/src_trips.yml)
  100038 (22018): Numeric value 'Customer' is not recognized
  compiled Code at target/citibike_dbt_dbt_assets-a42542b-236b3d6/run/citibike_dbt/models/staging/src_trips.yml/accepted_values_src_trips_user_type__Customer__Subscriber.sql

Stack Trace:
  File "/Users/aayushibeniwal/Documents/citibike_dbt/venv/lib/python3.11/site-packages/dagster/_core/execution/plan/execute_plan.py", line 286, in dagster_event_sequence_for_step
    for step_event in check.generator(step_events):
  File "/Users/aayushibeniwal/Documents/citibike_dbt/venv/lib/python3.11/site-packages/dagster/_core/execution/plan/execute_step.py", line 487, in core_dagster_event_sequence_for_step
    for user_event in _step_output_error_checked_user_event_sequence(
  File "/Users/aayushibeniwal/Documents/citibike_dbt/venv/lib/python3.11/site-packages/dagster/_core/execution/plan/execute_step.py", line 169, in _step_output_error_checked_user_event_sequence
    for user_event in user_event_sequence:
  File "/Users/aayushibeniwal/Documents/citibike_dbt/venv/lib/python3.11/site-packages/dagster/_core/execution/plan/execute_step.py", line 95, in _process_asset_results_to_events
    for user_event in user_event_sequence:
  File "/Users/aayushibeniwal/Documents/citibike_dbt/venv/lib/python3.11/site-packages/dagster/_core/execution/plan/compute.py", line 212, in execute_core_compute
    for step_output in _yield_compute_results(step_context, inputs, compute_fn, compute_context):
  File "/Users/aayushibeniwal/Documents/citibike_dbt/venv/lib/python3.11/site-packages/dagster/_core/execution/plan/compute.py", line 181, in _yield_compute_results
    for event in iterate_with_context(
  File "/Users/aayushibeniwal/Documents/citibike_dbt/venv/lib/python3.11/site-packages/dagster/_utils/__init__.py", line 467, in iterate_with_context
    next_output = next(iterator)
                  ^^^^^^^^^^^^^^
  File "/Users/aayushibeniwal/Documents/citibike_dbt/dbt_dagster_project/dbt_dagster_project/assets.py", line 9, in citibike_dbt_dbt_assets
    yield from dbt.cli(["build"], context=context).stream()
  File "/Users/aayushibeniwal/Documents/citibike_dbt/venv/lib/python3.11/site-packages/dagster_dbt/core/resources_v2.py", line 390, in stream
    for event in self.stream_raw_events():
  File "/Users/aayushibeniwal/Documents/citibike_dbt/venv/lib/python3.11/site-packages/dagster_dbt/core/resources_v2.py", line 426, in stream_raw_events
    self._raise_on_error()
  File "/Users/aayushibeniwal/Documents/citibike_dbt/venv/lib/python3.11/site-packages/dagster_dbt/core/resources_v2.py", line 484, in _raise_on_error
    raise DagsterDbtCliRuntimeError(
[0m
